Determining if the pthread_create exist failed with the following output:
Change Dir: /home/antileaf/桌面/raft/build/CMakeFiles/CMakeTmp

Run Build Command:"/usr/bin/make" "cmTC_c333b/fast"
/usr/bin/make -f CMakeFiles/cmTC_c333b.dir/build.make CMakeFiles/cmTC_c333b.dir/build
make[1]: 进入目录“/home/antileaf/桌面/raft/build/CMakeFiles/CMakeTmp”
Building C object CMakeFiles/cmTC_c333b.dir/CheckSymbolExists.c.o
/usr/bin/cc    -o CMakeFiles/cmTC_c333b.dir/CheckSymbolExists.c.o   -c /home/antileaf/桌面/raft/build/CMakeFiles/CMakeTmp/CheckSymbolExists.c
Linking C executable cmTC_c333b
/usr/bin/cmake -E cmake_link_script CMakeFiles/cmTC_c333b.dir/link.txt --verbose=1
/usr/bin/cc      CMakeFiles/cmTC_c333b.dir/CheckSymbolExists.c.o  -o cmTC_c333b 
CMakeFiles/cmTC_c333b.dir/CheckSymbolExists.c.o：在函数‘main’中：
CheckSymbolExists.c:(.text+0x1b)：对‘pthread_create’未定义的引用
collect2: error: ld returned 1 exit status
CMakeFiles/cmTC_c333b.dir/build.make:97: recipe for target 'cmTC_c333b' failed
make[1]: *** [cmTC_c333b] Error 1
make[1]: 离开目录“/home/antileaf/桌面/raft/build/CMakeFiles/CMakeTmp”
Makefile:126: recipe for target 'cmTC_c333b/fast' failed
make: *** [cmTC_c333b/fast] Error 2

File /home/antileaf/桌面/raft/build/CMakeFiles/CMakeTmp/CheckSymbolExists.c:
/* */
#include <pthread.h>

int main(int argc, char** argv)
{
  (void)argv;
#ifndef pthread_create
  return ((int*)(&pthread_create))[argc];
#else
  (void)argc;
  return 0;
#endif
}

Determining if the function pthread_create exists in the pthreads failed with the following output:
Change Dir: /home/antileaf/桌面/raft/build/CMakeFiles/CMakeTmp

Run Build Command:"/usr/bin/make" "cmTC_bb5ba/fast"
/usr/bin/make -f CMakeFiles/cmTC_bb5ba.dir/build.make CMakeFiles/cmTC_bb5ba.dir/build
make[1]: 进入目录“/home/antileaf/桌面/raft/build/CMakeFiles/CMakeTmp”
Building C object CMakeFiles/cmTC_bb5ba.dir/CheckFunctionExists.c.o
/usr/bin/cc   -DCHECK_FUNCTION_EXISTS=pthread_create   -o CMakeFiles/cmTC_bb5ba.dir/CheckFunctionExists.c.o   -c /usr/share/cmake-3.10/Modules/CheckFunctionExists.c
Linking C executable cmTC_bb5ba
/usr/bin/cmake -E cmake_link_script CMakeFiles/cmTC_bb5ba.dir/link.txt --verbose=1
/usr/bin/cc  -DCHECK_FUNCTION_EXISTS=pthread_create    CMakeFiles/cmTC_bb5ba.dir/CheckFunctionExists.c.o  -o cmTC_bb5ba -lpthreads 
/usr/bin/ld: 找不到 -lpthreads
collect2: error: ld returned 1 exit status
CMakeFiles/cmTC_bb5ba.dir/build.make:97: recipe for target 'cmTC_bb5ba' failed
make[1]: *** [cmTC_bb5ba] Error 1
make[1]: 离开目录“/home/antileaf/桌面/raft/build/CMakeFiles/CMakeTmp”
Makefile:126: recipe for target 'cmTC_bb5ba/fast' failed
make: *** [cmTC_bb5ba/fast] Error 2


